[debug] [2025-09-28T09:44:26.597Z] ----------------------------------------------------------------------
[debug] [2025-09-28T09:44:26.603Z] Command:       C:\Program Files\nodejs\node.exe C:\Users\TechZone Rwanda\AppData\Roaming\npm\node_modules\firebase-tools\lib\bin\firebase.js init
[debug] [2025-09-28T09:44:26.604Z] CLI Version:   14.17.0
[debug] [2025-09-28T09:44:26.604Z] Platform:      win32
[debug] [2025-09-28T09:44:26.604Z] Node Version:  v22.20.0
[debug] [2025-09-28T09:44:26.605Z] Time:          Sun Sep 28 2025 12:44:26 GMT+0300 (Eastern European Summer Time)
[debug] [2025-09-28T09:44:26.605Z] ----------------------------------------------------------------------
[debug] 
[debug] [2025-09-28T09:44:26.615Z] > command requires scopes: ["email","openid","https://www.googleapis.com/auth/cloudplatformprojects.readonly","https://www.googleapis.com/auth/firebase","https://www.googleapis.com/auth/cloud-platform"]
[debug] [2025-09-28T09:44:26.616Z] > authorizing via signed-in user (niyomungeritheophile02@gmail.com)
[info] 
     ######## #### ########  ######## ########     ###     ######  ########
     ##        ##  ##     ## ##       ##     ##  ##   ##  ##       ##
     ######    ##  ########  ######   ########  #########  ######  ######
     ##        ##  ##    ##  ##       ##     ## ##     ##       ## ##
     ##       #### ##     ## ######## ########  ##     ##  ######  ########

You're about to initialize a Firebase project in this directory:

  C:\Users\TechZone Rwanda\Desktop\theo

[info] 
=== Project Setup
[info] 
[info] First, let's associate this project directory with a Firebase project.
[info] You can create multiple project aliases by running firebase use --add, 
[info] but for now we'll just set up a default project.
[info] 
[debug] [2025-09-28T09:44:36.557Z] Using project from CLI flag: eshulitvremortcontoral
[debug] [2025-09-28T09:44:36.559Z] Checked if tokens are valid: false, expires at: 1759015260107
[debug] [2025-09-28T09:44:36.560Z] Checked if tokens are valid: false, expires at: 1759015260107
[debug] [2025-09-28T09:44:36.560Z] > refreshing access token with scopes: []
[debug] [2025-09-28T09:44:36.565Z] >>> [apiv2][query] POST https://www.googleapis.com/oauth2/v3/token [none]
[debug] [2025-09-28T09:44:36.565Z] >>> [apiv2][body] POST https://www.googleapis.com/oauth2/v3/token [omitted]
[debug] [2025-09-28T09:44:36.637Z] *** [apiv2] error from fetch(https://www.googleapis.com/oauth2/v3/token, {"headers":{},"method":"POST","body":{"_overheadLength":545,"_valueLength":212,"_valuesToMeasure":[],"writable":false,"readable":true,"dataSize":0,"maxDataSize":2097152,"pauseStreams":true,"_released":true,"_streams":[],"_currentStream":null,"_insideLoop":false,"_pendingNext":false,"_boundary":"--------------------------ffe44dfd9ab15adf98889250","_events":{},"_eventsCount":1}}): FetchError: request to https://www.googleapis.com/oauth2/v3/token failed, reason: getaddrinfo ENOTFOUND www.googleapis.com
[error] Authentication Error: Your credentials are no longer valid. Please run firebase login --reauth

For CI servers and headless environments, generate a new token with firebase login:ci
[debug] [2025-09-28T09:44:36.638Z] Authentication Error: Your credentials are no longer valid. Please run firebase login --reauth

For CI servers and headless environments, generate a new token with firebase login:ci
[debug] [2025-09-28T09:44:36.649Z] FirebaseError: Authentication Error: Your credentials are no longer valid. Please run firebase login --reauth

For CI servers and headless environments, generate a new token with firebase login:ci
    at invalidCredentialError (C:\Users\TechZone Rwanda\AppData\Roaming\npm\node_modules\firebase-tools\lib\auth.js:167:12)
    at refreshTokens (C:\Users\TechZone Rwanda\AppData\Roaming\npm\node_modules\firebase-tools\lib\auth.js:591:15)
    at process.processTicksAndRejections (node:internal/process/task_queues:105:5)
    at async getAccessToken (C:\Users\TechZone Rwanda\AppData\Roaming\npm\node_modules\firebase-tools\lib\apiv2.js:42:18)
    at async Client.addAuthHeader (C:\Users\TechZone Rwanda\AppData\Roaming\npm\node_modules\firebase-tools\lib\apiv2.js:169:21)
    at async Client.request (C:\Users\TechZone Rwanda\AppData\Roaming\npm\node_modules\firebase-tools\lib\apiv2.js:120:34)
    at async getFirebaseProject (C:\Users\TechZone Rwanda\AppData\Roaming\npm\node_modules\firebase-tools\lib\management\projects.js:345:21)
    at async Object.doSetup (C:\Users\TechZone Rwanda\AppData\Roaming\npm\node_modules\firebase-tools\lib\init\features\project.js:76:27)
    at async init (C:\Users\TechZone Rwanda\AppData\Roaming\npm\node_modules\firebase-tools\lib\init\index.js:68:13)
    at async Command.initAction [as actionFn] (C:\Users\TechZone Rwanda\AppData\Roaming\npm\node_modules\firebase-tools\lib\commands\init.js:214:5)
[error] 
[error] Error: Failed to get Firebase project eshulitvremortcontoral. Please make sure the project exists and your account has permission to access it.
